This is pdfTeX, Version 3.1415926-2.3-1.40.12 (MiKTeX 2.9) (preloaded format=pdflatex 2011.8.29)  29 AUG 2011 18:11
entering extended mode
**H:/BeauThesisDocument/ThesisReport/thesis.tex
(H:/BeauThesisDocument/ThesisReport/thesis.tex
LaTeX2e <2011/06/27>
Babel <v3.8m> and hyphenation patterns for english, afrikaans, ancientgreek, ar
abic, armenian, assamese, basque, bengali, bokmal, bulgarian, catalan, coptic, 
croatian, czech, danish, dutch, esperanto, estonian, farsi, finnish, french, ga
lician, german, german-x-2009-06-19, greek, gujarati, hindi, hungarian, iceland
ic, indonesian, interlingua, irish, italian, kannada, kurmanji, lao, latin, lat
vian, lithuanian, malayalam, marathi, mongolian, mongolianlmc, monogreek, ngerm
an, ngerman-x-2009-06-19, nynorsk, oriya, panjabi, pinyin, polish, portuguese, 
romanian, russian, sanskrit, serbian, slovak, slovenian, spanish, swedish, swis
sgerman, tamil, telugu, turkish, turkmen, ukenglish, ukrainian, uppersorbian, u
senglishmax, welsh, loaded.
(H:\BeauThesisDocument\ThesisReport\Latex/Classes/PhDthesisPSnPDF.cls
Document Class: Latex/Classes/PhDthesisPSnPDF 2007/09/06 v2 PhD thesis class
(H:\PortableApplications\MikTex\tex\latex\base\book.cls
Document Class: book 2007/10/19 v1.4h Standard LaTeX document class
(H:\PortableApplications\MikTex\tex\latex\base\bk11.clo
File: bk11.clo 2007/10/19 v1.4h Standard LaTeX file (size option)
)
\c@part=\count79
\c@chapter=\count80
\c@section=\count81
\c@subsection=\count82
\c@subsubsection=\count83
\c@paragraph=\count84
\c@subparagraph=\count85
\c@figure=\count86
\c@table=\count87
\abovecaptionskip=\skip41
\belowcaptionskip=\skip42
\bibindent=\dimen102
)
(H:\PortableApplications\MikTex\tex\latex\amsfonts\amssymb.sty
Package: amssymb 2009/06/22 v3.00

(H:\PortableApplications\MikTex\tex\latex\amsfonts\amsfonts.sty
Package: amsfonts 2009/06/22 v3.00 Basic AMSFonts support
\@emptytoks=\toks14
\symAMSa=\mathgroup4
\symAMSb=\mathgroup5
LaTeX Font Info:    Overwriting math alphabet `\mathfrak' in version `bold'
(Font)                  U/euf/m/n --> U/euf/b/n on input line 96.
))
(H:\PortableApplications\MikTex\tex\latex\graphics\graphics.sty
Package: graphics 2009/02/05 v1.0o Standard LaTeX Graphics (DPC,SPQR)

(H:\PortableApplications\MikTex\tex\latex\graphics\trig.sty
Package: trig 1999/03/16 v1.09 sin cos tan (DPC)
)
(H:\PortableApplications\MikTex\tex\latex\00miktex\graphics.cfg
File: graphics.cfg 2007/01/18 v1.5 graphics configuration of teTeX/TeXLive
)
Package graphics Info: Driver file: pdftex.def on input line 91.

(H:\PortableApplications\MikTex\tex\latex\pdftex-def\pdftex.def
File: pdftex.def 2011/05/27 v0.06d Graphics/color for pdfTeX

(H:\PortableApplications\MikTex\tex\generic\oberdiek\infwarerr.sty
Package: infwarerr 2010/04/08 v1.3 Providing info/warning/message (HO)
)
(H:\PortableApplications\MikTex\tex\generic\oberdiek\ltxcmds.sty
Package: ltxcmds 2011/04/18 v1.20 LaTeX kernel commands for general use (HO)
)
\Gread@gobject=\count88
))
(H:\PortableApplications\MikTex\tex\latex\caption\caption.sty
Package: caption 2011/08/18 v3.2b Customizing captions (AR)

(H:\PortableApplications\MikTex\tex\latex\caption\caption3.sty
Package: caption3 2011/08/18 v1.3b caption3 kernel (AR)

(H:\PortableApplications\MikTex\tex\latex\graphics\keyval.sty
Package: keyval 1999/03/16 v1.13 key=value parser (DPC)
\KV@toks@=\toks15
)
\captionmargin=\dimen103
\captionmargin@=\dimen104
\captionwidth=\dimen105
\caption@indent=\dimen106
\caption@parindent=\dimen107
\caption@hangindent=\dimen108
)
\c@ContinuedFloat=\count89
)
(H:\PortableApplications\MikTex\tex\latex\fancyhdr\fancyhdr.sty
\fancy@headwidth=\skip43
\f@ncyO@elh=\skip44
\f@ncyO@erh=\skip45
\f@ncyO@olh=\skip46
\f@ncyO@orh=\skip47
\f@ncyO@elf=\skip48
\f@ncyO@erf=\skip49
\f@ncyO@olf=\skip50
\f@ncyO@orf=\skip51
)
(H:\PortableApplications\MikTex\tex\latex\amsfonts\eucal.sty
Package: eucal 2009/06/22 v3.00 Euler Script fonts
LaTeX Font Info:    Overwriting math alphabet `\EuScript' in version `bold'
(Font)                  U/eus/m/n --> U/eus/b/n on input line 33.
)
(H:\PortableApplications\MikTex\tex\generic\babel\babel.sty
Package: babel 2008/07/08 v3.8m The Babel package

*************************************
* Local config file bblopts.cfg used
*
(H:\PortableApplications\MikTex\tex\latex\00miktex\bblopts.cfg
File: bblopts.cfg 2006/07/31 v1.0 MiKTeX 'babel' configuration
)
(H:\PortableApplications\MikTex\tex\generic\babel\english.ldf
Language: english 2005/03/30 v3.3o English support from the babel system

(H:\PortableApplications\MikTex\tex\generic\babel\babel.def
File: babel.def 2008/07/08 v3.8m Babel common definitions
\babel@savecnt=\count90
\U@D=\dimen109
)
\l@canadian = a dialect from \language\l@american 
\l@australian = a dialect from \language\l@british 
\l@newzealand = a dialect from \language\l@british 
))
(H:\PortableApplications\MikTex\tex\latex\graphics\color.sty
Package: color 2005/11/14 v1.0j Standard LaTeX Color (DPC)

(H:\PortableApplications\MikTex\tex\latex\00miktex\color.cfg
File: color.cfg 2007/01/18 v1.5 color configuration of teTeX/TeXLive
)
Package color Info: Driver file: pdftex.def on input line 130.

(H:\PortableApplications\MikTex\tex\latex\graphics\dvipsnam.def
File: dvipsnam.def 1999/02/16 v3.0i Driver-dependant file (DPC,SPQR)
))
(H:\PortableApplications\MikTex\tex\latex\footmisc\footmisc.sty
Package: footmisc 2011/06/06 v5.5b a miscellany of footnote facilities
\FN@temptoken=\toks16
\footnotemargin=\dimen110
\c@pp@next@reset=\count91
\c@@fnserial=\count92
Package footmisc Info: Declaring symbol style bringhurst on input line 855.
Package footmisc Info: Declaring symbol style chicago on input line 863.
Package footmisc Info: Declaring symbol style wiley on input line 872.
Package footmisc Info: Declaring symbol style lamport-robust on input line 883.

Package footmisc Info: Declaring symbol style lamport* on input line 903.
Package footmisc Info: Declaring symbol style lamport*-robust on input line 924
.
)
(H:\PortableApplications\MikTex\tex\latex\natbib\natbib.sty
Package: natbib 2010/09/13 8.31b (PWD, AO)
\bibhang=\skip52
\bibsep=\skip53
LaTeX Info: Redefining \cite on input line 694.
\c@NAT@ctr=\count93
)
(H:\PortableApplications\MikTex\tex\latex\base\ifthen.sty
Package: ifthen 2001/05/26 v1.1c Standard LaTeX ifthen package (DPC)
)
(H:\PortableApplications\MikTex\tex\latex\tools\multicol.sty
Package: multicol 2011/06/27 v1.7a multicolumn formatting (FMi)
\c@tracingmulticols=\count94
\mult@box=\box26
\multicol@leftmargin=\dimen111
\c@unbalance=\count95
\c@collectmore=\count96
\doublecol@number=\count97
\multicoltolerance=\count98
\multicolpretolerance=\count99
\full@width=\dimen112
\page@free=\dimen113
\premulticols=\dimen114
\postmulticols=\dimen115
\multicolsep=\skip54
\multicolbaselineskip=\skip55
\partial@page=\box27
\last@line=\box28
\mult@rightbox=\box29
\mult@grightbox=\box30
\mult@gfirstbox=\box31
\mult@firstbox=\box32
\@tempa=\box33
\@tempa=\box34
\@tempa=\box35
\@tempa=\box36
\@tempa=\box37
\@tempa=\box38
\@tempa=\box39
\@tempa=\box40
\@tempa=\box41
\@tempa=\box42
\@tempa=\box43
\@tempa=\box44
\@tempa=\box45
\@tempa=\box46
\@tempa=\box47
\@tempa=\box48
\@tempa=\box49
\c@columnbadness=\count100
\c@finalcolumnbadness=\count101
\last@try=\dimen116
\multicolovershoot=\dimen117
\multicolundershoot=\dimen118
\mult@nat@firstbox=\box50
\colbreak@box=\box51
\multicol@sort@counter=\count102
)
(H:\PortableApplications\MikTex\tex\latex\tocbibind\tocbibind.sty
Package: tocbibind 2010/10/13 v1.5k extra ToC listings
Package tocbibind Info: The document has chapter divisions on input line 50.


Package tocbibind Note: Using chapter style headings, unless overridden.

) (H:\PortableApplications\MikTex\tex\latex\nomencl\nomencl.sty
Package: nomencl 2005/09/22 v4.2 Nomenclature package (LN)
\nomlabelwidth=\dimen119
\nom@tempdim=\dimen120
\nomitemsep=\skip56
)
\@nomenclaturefile=\write3

Writing nomenclature file thesis.nlo
(H:\PortableApplications\MikTex\tex\generic\oberdiek\ifpdf.sty
Package: ifpdf 2011/01/30 v2.3 Provides the ifpdf switch (HO)
Package ifpdf Info: pdfTeX in PDF mode is detected.
)
(H:\PortableApplications\MikTex\tex\latex\hyperref\hyperref.sty
Package: hyperref 2011/08/19 v6.82h Hypertext links for LaTeX

(H:\PortableApplications\MikTex\tex\generic\oberdiek\hobsub-hyperref.sty
Package: hobsub-hyperref 2011/04/23 v1.4 Bundle oberdiek, subset hyperref (HO)

(H:\PortableApplications\MikTex\tex\generic\oberdiek\hobsub-generic.sty
Package: hobsub-generic 2011/04/23 v1.4 Bundle oberdiek, subset generic (HO)
Package: hobsub 2011/04/23 v1.4 Subsetting bundle oberdiek (HO)
Package hobsub Info: Skipping package `infwarerr' (already loaded).
Package hobsub Info: Skipping package `ltxcmds' (already loaded).
Package: ifluatex 2010/03/01 v1.3 Provides the ifluatex switch (HO)
Package ifluatex Info: LuaTeX not detected.
Package: ifvtex 2010/03/01 v1.5 Switches for detecting VTeX and its modes (HO)
Package ifvtex Info: VTeX not detected.
Package: intcalc 2007/09/27 v1.1 Expandable integer calculations (HO)
Package hobsub Info: Skipping package `ifpdf' (already loaded).
Package: etexcmds 2011/02/16 v1.5 Prefix for e-TeX command names (HO)
Package etexcmds Info: Could not find \expanded.
(etexcmds)             That can mean that you are not using pdfTeX 1.50 or
(etexcmds)             that some package has redefined \expanded.
(etexcmds)             In the latter case, load this package earlier.
Package: kvsetkeys 2011/04/07 v1.13 Key value parser (HO)
Package: kvdefinekeys 2011/04/07 v1.3 Defining keys (HO)
Package: pdftexcmds 2011/04/22 v0.16 Utilities of pdfTeX for LuaTeX (HO)
Package pdftexcmds Info: LuaTeX not detected.
Package pdftexcmds Info: \pdf@primitive is available.
Package pdftexcmds Info: \pdf@ifprimitive is available.
Package pdftexcmds Info: \pdfdraftmode found.
Package: pdfescape 2011/04/04 v1.12 Provides string conversions (HO)
Package: bigintcalc 2011/01/30 v1.2 Expandable big integer calculations (HO)
Package: bitset 2011/01/30 v1.1 Data type bit set (HO)
Package: uniquecounter 2011/01/30 v1.2 Provides unlimited unique counter (HO)
)
Package hobsub Info: Skipping package `hobsub' (already loaded).
Package: letltxmacro 2010/09/02 v1.4 Let assignment for LaTeX macros (HO)
Package: hopatch 2011/01/30 v1.0 Wrapper for package hooks (HO)
Package: xcolor-patch 2011/01/30 xcolor patch
Package: atveryend 2011/04/23 v1.7 Hooks at very end of document (HO)
Package: atbegshi 2011/01/30 v1.15 At begin shipout hook (HO)
Package: refcount 2010/12/01 v3.2 Data extraction from references (HO)
Package: hycolor 2011/01/30 v1.7 Color options of hyperref/bookmark (HO)
)
(H:\PortableApplications\MikTex\tex\generic\ifxetex\ifxetex.sty
Package: ifxetex 2010/09/12 v0.6 Provides ifxetex conditional
)
(H:\PortableApplications\MikTex\tex\latex\oberdiek\kvoptions.sty
Package: kvoptions 2010/12/23 v3.10 Keyval support for LaTeX options (HO)
)
\@linkdim=\dimen121
\Hy@linkcounter=\count103
\Hy@pagecounter=\count104

(H:\PortableApplications\MikTex\tex\latex\hyperref\pd1enc.def
File: pd1enc.def 2011/08/19 v6.82h Hyperref: PDFDocEncoding definition (HO)
)
\Hy@SavedSpaceFactor=\count105

(H:\PortableApplications\MikTex\tex\latex\00miktex\hyperref.cfg
File: hyperref.cfg 2002/06/06 v1.2 hyperref configuration of TeXLive
)
Package hyperref Info: Option `plainpages' set `false' on input line 3932.
Package hyperref Info: Option `pdfpagelabels' set `true' on input line 3932.


Package hyperref Warning: Values of option `pdfpagelayout':
(hyperref)                * `SinglePage'
(hyperref)                * `OneColumn'
(hyperref)                * `TwoColumnLeft'
(hyperref)                * `TwoColumnRight'
(hyperref)                * `TwoPageLeft' (PDF 1.5)
(hyperref)                * `TwoPageRight' (PDF 1.5)
(hyperref)                * An empty value disables the option.
(hyperref)                Unknown value `useoutlines' on input line 3932.

Package hyperref Info: Option `bookmarks' set `true' on input line 3932.
Package hyperref Info: Option `bookmarksopen' set `true' on input line 3932.
Package hyperref Info: Option `bookmarksnumbered' set `true' on input line 3932
.
Package hyperref Info: Option `breaklinks' set `true' on input line 3932.
Package hyperref Info: Option `linktocpage' set `true' on input line 3932.
Package hyperref Info: Option `colorlinks' set `false' on input line 3932.
Package hyperref Info: Option `hyperindex' set `true' on input line 3932.
Package hyperref Info: Option `hyperfigures' set `true' on input line 3932.
Package hyperref Info: Hyper figures ON on input line 4051.
Package hyperref Info: Link nesting OFF on input line 4058.
Package hyperref Info: Hyper index ON on input line 4061.
Package hyperref Info: Plain pages OFF on input line 4068.
Package hyperref Info: Backreferencing ON on input line 4071.
Package hyperref Info: Implicit mode ON; LaTeX internals redefined.
Package hyperref Info: Bookmarks ON on input line 4291.
(H:\PortableApplications\MikTex\tex\latex\hyperref\backref.sty
Package: backref 2010/08/30 v1.36 Bibliographical back referencing

(H:\PortableApplications\MikTex\tex\latex\oberdiek\rerunfilecheck.sty
Package: rerunfilecheck 2011/04/15 v1.7 Rerun checks for auxiliary files (HO)
Package uniquecounter Info: New unique counter `rerunfilecheck' on input line 2
82.
))
\c@Hy@tempcnt=\count106

(H:\PortableApplications\MikTex\tex\latex\ltxmisc\url.sty
\Urlmuskip=\muskip10
Package: url 2006/04/12  ver 3.3  Verb mode for urls, etc.
)
LaTeX Info: Redefining \url on input line 4644.
\Fld@menulength=\count107
\Field@Width=\dimen122
\Fld@charsize=\dimen123
Package hyperref Info: Hyper figures ON on input line 5728.
Package hyperref Info: Link nesting OFF on input line 5735.
Package hyperref Info: Hyper index ON on input line 5738.
Package hyperref Info: backreferencing ON on input line 5743.
Package hyperref Info: Link coloring OFF on input line 5750.
Package hyperref Info: Link coloring with OCG OFF on input line 5755.
Package hyperref Info: PDF/A mode OFF on input line 5760.
LaTeX Info: Redefining \ref on input line 5800.
LaTeX Info: Redefining \pageref on input line 5804.
\Hy@abspage=\count108
\c@Item=\count109
\c@Hfootnote=\count110
)

Package hyperref Message: Driver: hpdftex.

(H:\PortableApplications\MikTex\tex\latex\hyperref\hpdftex.def
File: hpdftex.def 2011/08/19 v6.82h Hyperref driver for pdfTeX
\Fld@listcount=\count111
\c@bookmark@seq@number=\count112
\Hy@SectionHShift=\skip57
)
(H:\PortableApplications\MikTex\tex\latex\graphics\graphicx.sty
Package: graphicx 1999/02/16 v1.0f Enhanced LaTeX Graphics (DPC,SPQR)
\Gin@req@height=\dimen124
\Gin@req@width=\dimen125
))
\@input{Latex/Macros/MacroFile1.aux}
(H:\BeauThesisDocument\ThesisReport\Latex/Macros/MacroFile1.tex)
(H:\BeauThesisDocument\ThesisReport\thesis.aux
(H:\BeauThesisDocument\ThesisReport\0_frontmatter/abstract.aux)
(H:\BeauThesisDocument\ThesisReport\0_frontmatter/dedication.aux)
(H:\BeauThesisDocument\ThesisReport\0_frontmatter/acknowledgement.aux)
(H:\BeauThesisDocument\ThesisReport\0_frontmatter/glossary.aux)
(H:\BeauThesisDocument\ThesisReport\1_introduction/introduction.aux

LaTeX Warning: Label `largepotato' multiply defined.

) (H:\BeauThesisDocument\ThesisReport\2/aims.aux)
(H:\BeauThesisDocument\ThesisReport\3/XYZ.aux)
(H:\BeauThesisDocument\ThesisReport\4/XYZ.aux)
(H:\BeauThesisDocument\ThesisReport\5/XYZ.aux)
(H:\BeauThesisDocument\ThesisReport\6/XYZ.aux)
(H:\BeauThesisDocument\ThesisReport\7/discussion.aux)
(H:\BeauThesisDocument\ThesisReport\8/materials_methods.aux)
(H:\BeauThesisDocument\ThesisReport\9_backmatter/declaration.aux))
LaTeX Font Info:    Checking defaults for OML/cmm/m/it on input line 90.
LaTeX Font Info:    ... okay on input line 90.
LaTeX Font Info:    Checking defaults for T1/cmr/m/n on input line 90.
LaTeX Font Info:    ... okay on input line 90.
LaTeX Font Info:    Checking defaults for OT1/cmr/m/n on input line 90.
LaTeX Font Info:    ... okay on input line 90.
LaTeX Font Info:    Checking defaults for OMS/cmsy/m/n on input line 90.
LaTeX Font Info:    ... okay on input line 90.
LaTeX Font Info:    Checking defaults for OMX/cmex/m/n on input line 90.
LaTeX Font Info:    ... okay on input line 90.
LaTeX Font Info:    Checking defaults for U/cmr/m/n on input line 90.
LaTeX Font Info:    ... okay on input line 90.
LaTeX Font Info:    Checking defaults for PD1/pdf/m/n on input line 90.
LaTeX Font Info:    ... okay on input line 90.

(H:\PortableApplications\MikTex\tex\context\base\supp-pdf.mkii
[Loading MPS to PDF converter (version 2006.09.02).]
\scratchcounter=\count113
\scratchdimen=\dimen126
\scratchbox=\box52
\nofMPsegments=\count114
\nofMParguments=\count115
\everyMPshowfont=\toks17
\MPscratchCnt=\count116
\MPscratchDim=\dimen127
\MPnumerator=\count117
\makeMPintoPDFobject=\count118
\everyMPtoPDFconversion=\toks18
)
Package caption Info: Begin \AtBeginDocument code.
Package caption Info: hyperref package is loaded.
Package caption Info: End \AtBeginDocument code.
\AtBeginShipoutBox=\box53
Package backref Info: ** backref set up for natbib ** on input line 90.
Package hyperref Info: Link coloring OFF on input line 90.
 (H:\PortableApplications\MikTex\tex\latex\hyperref\nameref.sty
Package: nameref 2010/04/30 v2.40 Cross-referencing by name of section

(H:\PortableApplications\MikTex\tex\generic\oberdiek\gettitlestring.sty
Package: gettitlestring 2010/12/03 v1.4 Cleanup title references (HO)
)
\c@section@level=\count119
)
LaTeX Info: Redefining \ref on input line 90.
LaTeX Info: Redefining \pageref on input line 90.
LaTeX Info: Redefining \nameref on input line 90.

(H:\BeauThesisDocument\ThesisReport\thesis.out)
(H:\BeauThesisDocument\ThesisReport\thesis.out)
\@outlinefile=\write4

<0_frontmatter/figures/UWA_crest.png, id=51, 1003.75pt x 1357.07pt>
File: 0_frontmatter/figures/UWA_crest.png Graphic file (type png)

<use 0_frontmatter/figures/UWA_crest.png>
Package pdftex.def Info: 0_frontmatter/figures/UWA_crest.png used on input line
 101.
(pdftex.def)             Requested size: 113.81102pt x 153.85445pt.
 [1



\FN@pp@footnotehinttrue 

{H:/PortableApplications/MikTex/pdftex/config/pdftex.map} <H:/BeauThesisDocumen
t/ThesisReport/0_frontmatter/figures/UWA_crest.png>]
(H:\BeauThesisDocument\ThesisReport\0_frontmatter/abstract.tex [2

])
(H:\BeauThesisDocument\ThesisReport\0_frontmatter/dedication.texpdfTeX warning 
(ext4): destination with the same identifier (name{page.i}) has been already us
ed, duplicate ignored
<to be read again> 
                   \relax 
l.7 \end{dedication}
                     [1



])
(H:\BeauThesisDocument\ThesisReport\0_frontmatter/acknowledgement.texpdfTeX war
ning (ext4): destination with the same identifier (name{page.ii}) has been alre
ady used, duplicate ignored
<to be read again> 
                   \relax 
l.20 \end{acknowledgements}
                            [2


]) (H:\BeauThesisDocument\ThesisReport\thesis.toc
LaTeX Font Info:    Try loading font information for U+msa on input line 6.
(H:\PortableApplications\MikTex\tex\latex\amsfonts\umsa.fd
File: umsa.fd 2009/06/22 v3.00 AMS symbols A
)
LaTeX Font Info:    Try loading font information for U+msb on input line 6.

(H:\PortableApplications\MikTex\tex\latex\amsfonts\umsb.fd
File: umsb.fd 2009/06/22 v3.00 AMS symbols B
))
\tf@toc=\write5
 [3
\FN@pp@footnotehinttrue 


] [4

] (H:\BeauThesisDocument\ThesisReport\thesis.lof)
\tf@lof=\write6
 [5] [6

]
(H:\BeauThesisDocument\ThesisReport\thesis.lot)
\tf@lot=\write7
 [7]
(H:\BeauThesisDocument\ThesisReport\0_frontmatter/glossary.tex)
(H:\BeauThesisDocument\ThesisReport\thesis.nls [8


\FN@pp@footnotehinttrue 


]
Underfull \hbox (badness 10000) detected at line 5
[]\OT1/cmr/bx/n/9 DAPI[]
 []


Underfull \hbox (badness 10000) detected at line 7
[]\OT1/cmr/bx/n/9 DEPC[]
 []


Underfull \hbox (badness 10000) in paragraph at lines 7--9
[]\OT1/cmr/m/n/9 diethyl-pyro-carbonate; used to
 []


Underfull \hbox (badness 10000) in paragraph at lines 7--9
\OT1/cmr/m/n/9 re-move RNA-degrading en-zymes
 []


Underfull \hbox (badness 10000) detected at line 9
[]\OT1/cmr/bx/n/9 DMSO[]
 []


Underfull \hbox (badness 10000) detected at line 11
[]\OT1/cmr/bx/n/9 EDTA[]
 []


Underfull \hbox (badness 10000) in paragraph at lines 11--13
[]\OT1/cmr/m/n/9 Ethylene-diamine-tetraacetic acid;
 []

) [9] [10

] (H:\BeauThesisDocument\ThesisReport\1_introduction/introduction.tex
 1.
<1_introduction/figures/largepotato.jpg, id=132, 491.8375pt x 291.0875pt>
File: 1_introduction/figures/largepotato.jpg Graphic file (type jpg)

<use 1_introduction/figures/largepotato.jpg>
Package pdftex.def Info: 1_introduction/figures/largepotato.jpg used on input l
ine 79.
(pdftex.def)             Requested size: 412.56496pt x 244.1787pt.
File: 1_introduction/figures/largepotato.jpg Graphic file (type jpg)

<use 1_introduction/figures/largepotato.jpg>
Package pdftex.def Info: 1_introduction/figures/largepotato.jpg used on input l
ine 92.
(pdftex.def)             Requested size: 330.05322pt x 195.34296pt.
LaTeX Font Info:    Try loading font information for OMS+cmr on input line 104.


(H:\PortableApplications\MikTex\tex\latex\base\omscmr.fd
File: omscmr.fd 1999/05/25 v2.5h Standard LaTeX font definitions
)
LaTeX Font Info:    Font shape `OMS/cmr/m/n' in size <10.95> not available
(Font)              Font shape `OMS/cmsy/m/n' tried instead on input line 104.
 [1


] [2 <H:/BeauThesisDocument/ThesisReport/1_introduction/figures/largepotato.jpg
>]) [3]
(H:\BeauThesisDocument\ThesisReport\2/aims.tex [4



]
 2.
) [5]
No file 3/XYZ.tex.
No file 4/XYZ.tex.
No file 5/XYZ.tex.
No file 6/XYZ.tex.
(H:\BeauThesisDocument\ThesisReport\7/discussion.tex [6











]
 3.
) [7] (H:\BeauThesisDocument\ThesisReport\8/materials_methods.tex [8



]
 4.
) [9] (H:\BeauThesisDocument\ThesisReport\thesis.bbl
(H:\BeauThesisDocument\ThesisReport\thesis.brf)
\tf@brf=\write8
 [10


]) [11]
(H:\BeauThesisDocument\ThesisReport\9_backmatter/declaration.tex [12

])
Package atveryend Info: Empty hook `BeforeClearDocument' on input line 257.
Package atveryend Info: Empty hook `AfterLastShipout' on input line 257.

(H:\BeauThesisDocument\ThesisReport\thesis.aux
(H:\BeauThesisDocument\ThesisReport\0_frontmatter/abstract.aux)
(H:\BeauThesisDocument\ThesisReport\0_frontmatter/dedication.aux)
(H:\BeauThesisDocument\ThesisReport\0_frontmatter/acknowledgement.aux)
(H:\BeauThesisDocument\ThesisReport\0_frontmatter/glossary.aux)
(H:\BeauThesisDocument\ThesisReport\1_introduction/introduction.aux)
(H:\BeauThesisDocument\ThesisReport\2/aims.aux)
(H:\BeauThesisDocument\ThesisReport\3/XYZ.aux)
(H:\BeauThesisDocument\ThesisReport\4/XYZ.aux)
(H:\BeauThesisDocument\ThesisReport\5/XYZ.aux)
(H:\BeauThesisDocument\ThesisReport\6/XYZ.aux)
(H:\BeauThesisDocument\ThesisReport\7/discussion.aux)
(H:\BeauThesisDocument\ThesisReport\8/materials_methods.aux)
(H:\BeauThesisDocument\ThesisReport\9_backmatter/declaration.aux))
Package atveryend Info: Executing hook `AtVeryEndDocument' on input line 257.
Package atveryend Info: Executing hook `AtEndAfterFileList' on input line 257.
Package rerunfilecheck Info: File `thesis.out' has not changed.
(rerunfilecheck)             Checksum: EBFF86E811F48AB940D88281D44A83C8;665.
Package rerunfilecheck Info: File `thesis.brf' has not changed.
(rerunfilecheck)             Checksum: D41D8CD98F00B204E9800998ECF8427E;0.


LaTeX Warning: There were multiply-defined labels.

 ) 
Here is how much of TeX's memory you used:
 7879 strings out of 494045
 120837 string characters out of 3146805
 209997 words of memory out of 3000000
 10898 multiletter control sequences out of 15000+200000
 15432 words of font info for 57 fonts, out of 3000000 for 9000
 715 hyphenation exceptions out of 8191
 43i,11n,45p,807b,497s stack positions out of 5000i,500n,10000p,200000b,50000s
<H:/PortableApplications/MikTex/fonts/type1/public/amsfonts/cm/cmbx10.pfb><H:
/PortableApplications/MikTex/fonts/type1/public/amsfonts/cm/cmbx12.pfb><H:/Port
ableApplications/MikTex/fonts/type1/public/amsfonts/cm/cmbx6.pfb><H:/PortableAp
plications/MikTex/fonts/type1/public/amsfonts/cm/cmbx9.pfb><H:/PortableApplicat
ions/MikTex/fonts/type1/public/amsfonts/cm/cmcsc10.pfb><H:/PortableApplications
/MikTex/fonts/type1/public/amsfonts/cm/cmr10.pfb><H:/PortableApplications/MikTe
x/fonts/type1/public/amsfonts/cm/cmr12.pfb><H:/PortableApplications/MikTex/font
s/type1/public/amsfonts/cm/cmr6.pfb><H:/PortableApplications/MikTex/fonts/type1
/public/amsfonts/cm/cmr9.pfb><H:/PortableApplications/MikTex/fonts/type1/public
/amsfonts/cm/cmsy10.pfb><H:/PortableApplications/MikTex/fonts/type1/public/amsf
onts/cm/cmti12.pfb><H:/PortableApplications/MikTex/fonts/type1/public/amsfonts/
cm/cmti7.pfb>
Output written on thesis.pdf (24 pages, 431410 bytes).
PDF statistics:
 241 PDF objects out of 1000 (max. 8388607)
 41 named destinations out of 1000 (max. 500000)
 107 words of extra memory for PDF output out of 10000 (max. 10000000)

